Determining if the pthread_create exist failed with the following output:
Change Dir: /constraint_model/catkin_ws/build/extract/CMakeFiles/CMakeTmp

Run Build Command:"/usr/bin/make" "cmTC_60f22/fast"
/usr/bin/make -f CMakeFiles/cmTC_60f22.dir/build.make CMakeFiles/cmTC_60f22.dir/build
make[1]: Entering directory '/constraint_model/catkin_ws/build/extract/CMakeFiles/CMakeTmp'
Building C object CMakeFiles/cmTC_60f22.dir/CheckSymbolExists.c.o
/usr/bin/cc    -o CMakeFiles/cmTC_60f22.dir/CheckSymbolExists.c.o   -c /constraint_model/catkin_ws/build/extract/CMakeFiles/CMakeTmp/CheckSymbolExists.c
Linking C executable cmTC_60f22
/usr/bin/cmake -E cmake_link_script CMakeFiles/cmTC_60f22.dir/link.txt --verbose=1
/usr/bin/cc      -rdynamic CMakeFiles/cmTC_60f22.dir/CheckSymbolExists.c.o  -o cmTC_60f22 
CMakeFiles/cmTC_60f22.dir/CheckSymbolExists.c.o: In function `main':
CheckSymbolExists.c:(.text+0x1b): undefined reference to `pthread_create'
collect2: error: ld returned 1 exit status
CMakeFiles/cmTC_60f22.dir/build.make:97: recipe for target 'cmTC_60f22' failed
make[1]: *** [cmTC_60f22] Error 1
make[1]: Leaving directory '/constraint_model/catkin_ws/build/extract/CMakeFiles/CMakeTmp'
Makefile:126: recipe for target 'cmTC_60f22/fast' failed
make: *** [cmTC_60f22/fast] Error 2

File /constraint_model/catkin_ws/build/extract/CMakeFiles/CMakeTmp/CheckSymbolExists.c:
/* */
#include <pthread.h>

int main(int argc, char** argv)
{
  (void)argv;
#ifndef pthread_create
  return ((int*)(&pthread_create))[argc];
#else
  (void)argc;
  return 0;
#endif
}

Determining if the function pthread_create exists in the pthreads failed with the following output:
Change Dir: /constraint_model/catkin_ws/build/extract/CMakeFiles/CMakeTmp

Run Build Command:"/usr/bin/make" "cmTC_6523b/fast"
/usr/bin/make -f CMakeFiles/cmTC_6523b.dir/build.make CMakeFiles/cmTC_6523b.dir/build
make[1]: Entering directory '/constraint_model/catkin_ws/build/extract/CMakeFiles/CMakeTmp'
Building C object CMakeFiles/cmTC_6523b.dir/CheckFunctionExists.c.o
/usr/bin/cc   -DCHECK_FUNCTION_EXISTS=pthread_create   -o CMakeFiles/cmTC_6523b.dir/CheckFunctionExists.c.o   -c /usr/share/cmake-3.10/Modules/CheckFunctionExists.c
Linking C executable cmTC_6523b
/usr/bin/cmake -E cmake_link_script CMakeFiles/cmTC_6523b.dir/link.txt --verbose=1
/usr/bin/cc  -DCHECK_FUNCTION_EXISTS=pthread_create    -rdynamic CMakeFiles/cmTC_6523b.dir/CheckFunctionExists.c.o  -o cmTC_6523b -lpthreads 
/usr/bin/ld: cannot find -lpthreads
collect2: error: ld returned 1 exit status
CMakeFiles/cmTC_6523b.dir/build.make:97: recipe for target 'cmTC_6523b' failed
make[1]: *** [cmTC_6523b] Error 1
make[1]: Leaving directory '/constraint_model/catkin_ws/build/extract/CMakeFiles/CMakeTmp'
Makefile:126: recipe for target 'cmTC_6523b/fast' failed
make: *** [cmTC_6523b/fast] Error 2


