Determining if the pthread_create exist failed with the following output:
Change Dir: /constraint_model/catkin_ws/build/ibeo_object_msg/CMakeFiles/CMakeTmp

Run Build Command:"/usr/bin/make" "cmTC_306d7/fast"
/usr/bin/make -f CMakeFiles/cmTC_306d7.dir/build.make CMakeFiles/cmTC_306d7.dir/build
make[1]: Entering directory '/constraint_model/catkin_ws/build/ibeo_object_msg/CMakeFiles/CMakeTmp'
Building C object CMakeFiles/cmTC_306d7.dir/CheckSymbolExists.c.o
/usr/bin/cc    -o CMakeFiles/cmTC_306d7.dir/CheckSymbolExists.c.o   -c /constraint_model/catkin_ws/build/ibeo_object_msg/CMakeFiles/CMakeTmp/CheckSymbolExists.c
Linking C executable cmTC_306d7
/usr/bin/cmake -E cmake_link_script CMakeFiles/cmTC_306d7.dir/link.txt --verbose=1
/usr/bin/cc      -rdynamic CMakeFiles/cmTC_306d7.dir/CheckSymbolExists.c.o  -o cmTC_306d7 
CMakeFiles/cmTC_306d7.dir/CheckSymbolExists.c.o: In function `main':
CheckSymbolExists.c:(.text+0x1b): undefined reference to `pthread_create'
collect2: error: ld returned 1 exit status
CMakeFiles/cmTC_306d7.dir/build.make:97: recipe for target 'cmTC_306d7' failed
make[1]: *** [cmTC_306d7] Error 1
make[1]: Leaving directory '/constraint_model/catkin_ws/build/ibeo_object_msg/CMakeFiles/CMakeTmp'
Makefile:126: recipe for target 'cmTC_306d7/fast' failed
make: *** [cmTC_306d7/fast] Error 2

File /constraint_model/catkin_ws/build/ibeo_object_msg/CMakeFiles/CMakeTmp/CheckSymbolExists.c:
/* */
#include <pthread.h>

int main(int argc, char** argv)
{
  (void)argv;
#ifndef pthread_create
  return ((int*)(&pthread_create))[argc];
#else
  (void)argc;
  return 0;
#endif
}

Determining if the function pthread_create exists in the pthreads failed with the following output:
Change Dir: /constraint_model/catkin_ws/build/ibeo_object_msg/CMakeFiles/CMakeTmp

Run Build Command:"/usr/bin/make" "cmTC_71b2a/fast"
/usr/bin/make -f CMakeFiles/cmTC_71b2a.dir/build.make CMakeFiles/cmTC_71b2a.dir/build
make[1]: Entering directory '/constraint_model/catkin_ws/build/ibeo_object_msg/CMakeFiles/CMakeTmp'
Building C object CMakeFiles/cmTC_71b2a.dir/CheckFunctionExists.c.o
/usr/bin/cc   -DCHECK_FUNCTION_EXISTS=pthread_create   -o CMakeFiles/cmTC_71b2a.dir/CheckFunctionExists.c.o   -c /usr/share/cmake-3.10/Modules/CheckFunctionExists.c
Linking C executable cmTC_71b2a
/usr/bin/cmake -E cmake_link_script CMakeFiles/cmTC_71b2a.dir/link.txt --verbose=1
/usr/bin/cc  -DCHECK_FUNCTION_EXISTS=pthread_create    -rdynamic CMakeFiles/cmTC_71b2a.dir/CheckFunctionExists.c.o  -o cmTC_71b2a -lpthreads 
/usr/bin/ld: cannot find -lpthreads
collect2: error: ld returned 1 exit status
CMakeFiles/cmTC_71b2a.dir/build.make:97: recipe for target 'cmTC_71b2a' failed
make[1]: *** [cmTC_71b2a] Error 1
make[1]: Leaving directory '/constraint_model/catkin_ws/build/ibeo_object_msg/CMakeFiles/CMakeTmp'
Makefile:126: recipe for target 'cmTC_71b2a/fast' failed
make: *** [cmTC_71b2a/fast] Error 2


