[35m[1mScanning dependencies of target shape_msgs_generate_messages_py[0m
[35m[1mScanning dependencies of target sensor_msgs_generate_messages_cpp[0m
[35m[1mScanning dependencies of target nav_msgs_generate_messages_py[0m
[35m[1mScanning dependencies of target nav_msgs_generate_messages_cpp[0m
[35m[1mScanning dependencies of target std_msgs_generate_messages_cpp[0m
[35m[1mScanning dependencies of target shape_msgs_generate_messages_cpp[0m
[35m[1mScanning dependencies of target _ibeo_object_msg_generate_messages_check_deps_IbeoObject[0m
[35m[1mScanning dependencies of target geometry_msgs_generate_messages_cpp[0m
[  0%] Built target sensor_msgs_generate_messages_cpp
[  0%] Built target std_msgs_generate_messages_cpp
[  0%] Built target nav_msgs_generate_messages_cpp
[  0%] Built target nav_msgs_generate_messages_py
[  0%] Built target shape_msgs_generate_messages_py
[  0%] Built target geometry_msgs_generate_messages_cpp
[  0%] Built target shape_msgs_generate_messages_cpp
[35m[1mScanning dependencies of target sensor_msgs_generate_messages_py[0m
[35m[1mScanning dependencies of target geometry_msgs_generate_messages_py[0m
[35m[1mScanning dependencies of target std_msgs_generate_messages_py[0m
[35m[1mScanning dependencies of target sensor_msgs_generate_messages_lisp[0m
[35m[1mScanning dependencies of target std_msgs_generate_messages_lisp[0m
[35m[1mScanning dependencies of target nav_msgs_generate_messages_lisp[0m
[35m[1mScanning dependencies of target geometry_msgs_generate_messages_lisp[0m
[  0%] Built target sensor_msgs_generate_messages_py
[  0%] Built target std_msgs_generate_messages_py
[  0%] Built target sensor_msgs_generate_messages_lisp
[  0%] Built target std_msgs_generate_messages_lisp
[  0%] Built target geometry_msgs_generate_messages_py
[35m[1mScanning dependencies of target shape_msgs_generate_messages_eus[0m
[  0%] Built target nav_msgs_generate_messages_lisp
[35m[1mScanning dependencies of target shape_msgs_generate_messages_lisp[0m
[  0%] Built target geometry_msgs_generate_messages_lisp
[35m[1mScanning dependencies of target sensor_msgs_generate_messages_eus[0m
[  0%] Built target _ibeo_object_msg_generate_messages_check_deps_IbeoObject
[35m[1mScanning dependencies of target std_msgs_generate_messages_eus[0m
[35m[1mScanning dependencies of target nav_msgs_generate_messages_eus[0m
[35m[1mScanning dependencies of target geometry_msgs_generate_messages_eus[0m
[  0%] Built target shape_msgs_generate_messages_eus
[  0%] Built target shape_msgs_generate_messages_lisp
[35m[1mScanning dependencies of target shape_msgs_generate_messages_nodejs[0m
[35m[1mScanning dependencies of target nav_msgs_generate_messages_nodejs[0m
[  0%] Built target std_msgs_generate_messages_eus
[  0%] Built target sensor_msgs_generate_messages_eus
[  0%] Built target nav_msgs_generate_messages_eus
[35m[1mScanning dependencies of target std_msgs_generate_messages_nodejs[0m
[  0%] Built target shape_msgs_generate_messages_nodejs
[35m[1mScanning dependencies of target geometry_msgs_generate_messages_nodejs[0m
[  0%] Built target geometry_msgs_generate_messages_eus
[35m[1mScanning dependencies of target sensor_msgs_generate_messages_nodejs[0m
[  0%] Built target nav_msgs_generate_messages_nodejs
[35m[1mScanning dependencies of target ibeo_object_msg_generate_messages_cpp[0m
[35m[1mScanning dependencies of target ibeo_object_msg_generate_messages_py[0m
[  0%] Built target geometry_msgs_generate_messages_nodejs
[  0%] Built target std_msgs_generate_messages_nodejs
[35m[1mScanning dependencies of target ibeo_object_msg_generate_messages_lisp[0m
[35m[1mScanning dependencies of target ibeo_object_msg_generate_messages_eus[0m
[  0%] Built target sensor_msgs_generate_messages_nodejs
[ 14%] [34m[1mGenerating C++ code from ibeo_object_msg/IbeoObject.msg[0m
[ 28%] [34m[1mGenerating Python from MSG ibeo_object_msg/IbeoObject[0m
[ 42%] [34m[1mGenerating EusLisp manifest code for ibeo_object_msg[0m
[ 57%] [34m[1mGenerating EusLisp code from ibeo_object_msg/IbeoObject.msg[0m
[35m[1mScanning dependencies of target ibeo_object_msg_generate_messages_nodejs[0m
[ 71%] [34m[1mGenerating Lisp code from ibeo_object_msg/IbeoObject.msg[0m
[ 85%] [34m[1mGenerating Javascript code from ibeo_object_msg/IbeoObject.msg[0m
[ 85%] Built target ibeo_object_msg_generate_messages_lisp
[ 85%] Built target ibeo_object_msg_generate_messages_nodejs
[100%] [34m[1mGenerating Python msg __init__.py for ibeo_object_msg[0m
[100%] Built target ibeo_object_msg_generate_messages_cpp
[100%] Built target ibeo_object_msg_generate_messages_py
[100%] Built target ibeo_object_msg_generate_messages_eus
[35m[1mScanning dependencies of target ibeo_object_msg_generate_messages[0m
[100%] Built target ibeo_object_msg_generate_messages
