Determining if the pthread_create exist failed with the following output:
Change Dir: /constraint_model/catkin_ws/build/catkin_tools_prebuild/CMakeFiles/CMakeTmp

Run Build Command:"/usr/bin/make" "cmTC_fa106/fast"
/usr/bin/make -f CMakeFiles/cmTC_fa106.dir/build.make CMakeFiles/cmTC_fa106.dir/build
make[1]: Entering directory '/constraint_model/catkin_ws/build/catkin_tools_prebuild/CMakeFiles/CMakeTmp'
Building C object CMakeFiles/cmTC_fa106.dir/CheckSymbolExists.c.o
/usr/bin/cc    -o CMakeFiles/cmTC_fa106.dir/CheckSymbolExists.c.o   -c /constraint_model/catkin_ws/build/catkin_tools_prebuild/CMakeFiles/CMakeTmp/CheckSymbolExists.c
Linking C executable cmTC_fa106
/usr/bin/cmake -E cmake_link_script CMakeFiles/cmTC_fa106.dir/link.txt --verbose=1
/usr/bin/cc      -rdynamic CMakeFiles/cmTC_fa106.dir/CheckSymbolExists.c.o  -o cmTC_fa106 
CMakeFiles/cmTC_fa106.dir/CheckSymbolExists.c.o: In function `main':
CheckSymbolExists.c:(.text+0x1b): undefined reference to `pthread_create'
collect2: error: ld returned 1 exit status
CMakeFiles/cmTC_fa106.dir/build.make:97: recipe for target 'cmTC_fa106' failed
make[1]: *** [cmTC_fa106] Error 1
make[1]: Leaving directory '/constraint_model/catkin_ws/build/catkin_tools_prebuild/CMakeFiles/CMakeTmp'
Makefile:126: recipe for target 'cmTC_fa106/fast' failed
make: *** [cmTC_fa106/fast] Error 2

File /constraint_model/catkin_ws/build/catkin_tools_prebuild/CMakeFiles/CMakeTmp/CheckSymbolExists.c:
/* */
#include <pthread.h>

int main(int argc, char** argv)
{
  (void)argv;
#ifndef pthread_create
  return ((int*)(&pthread_create))[argc];
#else
  (void)argc;
  return 0;
#endif
}

Determining if the function pthread_create exists in the pthreads failed with the following output:
Change Dir: /constraint_model/catkin_ws/build/catkin_tools_prebuild/CMakeFiles/CMakeTmp

Run Build Command:"/usr/bin/make" "cmTC_094a0/fast"
/usr/bin/make -f CMakeFiles/cmTC_094a0.dir/build.make CMakeFiles/cmTC_094a0.dir/build
make[1]: Entering directory '/constraint_model/catkin_ws/build/catkin_tools_prebuild/CMakeFiles/CMakeTmp'
Building C object CMakeFiles/cmTC_094a0.dir/CheckFunctionExists.c.o
/usr/bin/cc   -DCHECK_FUNCTION_EXISTS=pthread_create   -o CMakeFiles/cmTC_094a0.dir/CheckFunctionExists.c.o   -c /usr/share/cmake-3.10/Modules/CheckFunctionExists.c
Linking C executable cmTC_094a0
/usr/bin/cmake -E cmake_link_script CMakeFiles/cmTC_094a0.dir/link.txt --verbose=1
/usr/bin/cc  -DCHECK_FUNCTION_EXISTS=pthread_create    -rdynamic CMakeFiles/cmTC_094a0.dir/CheckFunctionExists.c.o  -o cmTC_094a0 -lpthreads 
/usr/bin/ld: cannot find -lpthreads
collect2: error: ld returned 1 exit status
CMakeFiles/cmTC_094a0.dir/build.make:97: recipe for target 'cmTC_094a0' failed
make[1]: *** [cmTC_094a0] Error 1
make[1]: Leaving directory '/constraint_model/catkin_ws/build/catkin_tools_prebuild/CMakeFiles/CMakeTmp'
Makefile:126: recipe for target 'cmTC_094a0/fast' failed
make: *** [cmTC_094a0/fast] Error 2


