Determining if the pthread_create exist failed with the following output:
Change Dir: /constraint_model/catkin_ws/build/top_down_projection/CMakeFiles/CMakeTmp

Run Build Command:"/usr/bin/make" "cmTC_3bb97/fast"
/usr/bin/make -f CMakeFiles/cmTC_3bb97.dir/build.make CMakeFiles/cmTC_3bb97.dir/build
make[1]: Entering directory '/constraint_model/catkin_ws/build/top_down_projection/CMakeFiles/CMakeTmp'
Building C object CMakeFiles/cmTC_3bb97.dir/CheckSymbolExists.c.o
/usr/bin/cc    -o CMakeFiles/cmTC_3bb97.dir/CheckSymbolExists.c.o   -c /constraint_model/catkin_ws/build/top_down_projection/CMakeFiles/CMakeTmp/CheckSymbolExists.c
Linking C executable cmTC_3bb97
/usr/bin/cmake -E cmake_link_script CMakeFiles/cmTC_3bb97.dir/link.txt --verbose=1
/usr/bin/cc      -rdynamic CMakeFiles/cmTC_3bb97.dir/CheckSymbolExists.c.o  -o cmTC_3bb97 
CMakeFiles/cmTC_3bb97.dir/CheckSymbolExists.c.o: In function `main':
CheckSymbolExists.c:(.text+0x1b): undefined reference to `pthread_create'
collect2: error: ld returned 1 exit status
CMakeFiles/cmTC_3bb97.dir/build.make:97: recipe for target 'cmTC_3bb97' failed
make[1]: *** [cmTC_3bb97] Error 1
make[1]: Leaving directory '/constraint_model/catkin_ws/build/top_down_projection/CMakeFiles/CMakeTmp'
Makefile:126: recipe for target 'cmTC_3bb97/fast' failed
make: *** [cmTC_3bb97/fast] Error 2

File /constraint_model/catkin_ws/build/top_down_projection/CMakeFiles/CMakeTmp/CheckSymbolExists.c:
/* */
#include <pthread.h>

int main(int argc, char** argv)
{
  (void)argv;
#ifndef pthread_create
  return ((int*)(&pthread_create))[argc];
#else
  (void)argc;
  return 0;
#endif
}

Determining if the function pthread_create exists in the pthreads failed with the following output:
Change Dir: /constraint_model/catkin_ws/build/top_down_projection/CMakeFiles/CMakeTmp

Run Build Command:"/usr/bin/make" "cmTC_a7137/fast"
/usr/bin/make -f CMakeFiles/cmTC_a7137.dir/build.make CMakeFiles/cmTC_a7137.dir/build
make[1]: Entering directory '/constraint_model/catkin_ws/build/top_down_projection/CMakeFiles/CMakeTmp'
Building C object CMakeFiles/cmTC_a7137.dir/CheckFunctionExists.c.o
/usr/bin/cc   -DCHECK_FUNCTION_EXISTS=pthread_create   -o CMakeFiles/cmTC_a7137.dir/CheckFunctionExists.c.o   -c /usr/share/cmake-3.10/Modules/CheckFunctionExists.c
Linking C executable cmTC_a7137
/usr/bin/cmake -E cmake_link_script CMakeFiles/cmTC_a7137.dir/link.txt --verbose=1
/usr/bin/cc  -DCHECK_FUNCTION_EXISTS=pthread_create    -rdynamic CMakeFiles/cmTC_a7137.dir/CheckFunctionExists.c.o  -o cmTC_a7137 -lpthreads 
/usr/bin/ld: cannot find -lpthreads
collect2: error: ld returned 1 exit status
CMakeFiles/cmTC_a7137.dir/build.make:97: recipe for target 'cmTC_a7137' failed
make[1]: *** [cmTC_a7137] Error 1
make[1]: Leaving directory '/constraint_model/catkin_ws/build/top_down_projection/CMakeFiles/CMakeTmp'
Makefile:126: recipe for target 'cmTC_a7137/fast' failed
make: *** [cmTC_a7137/fast] Error 2


